{"C:\\Users\\user\\Desktop\\Front-.Net\\api\\babel.config.js": {"path":"C:\\Users\\user\\Desktop\\Front-.Net\\api\\babel.config.js","statementMap":{"0":{"start":{"line":1,"column":0},"end":{"line":5,"column":1}}},"fnMap":{},"branchMap":{},"s":{"0":0},"f":{},"b":{},"hash":"a0dc9e64016c7df11a0562e060de5374d526b0f3"}
,"C:\\Users\\user\\Desktop\\Front-.Net\\api\\jest.config.js": {"path":"C:\\Users\\user\\Desktop\\Front-.Net\\api\\jest.config.js","statementMap":{"0":{"start":{"line":1,"column":0},"end":{"line":34,"column":4}}},"fnMap":{},"branchMap":{},"s":{"0":0},"f":{},"b":{},"hash":"a4700b8a27121b6a5c182ed4f9c92a98fba4f551"}
,"C:\\Users\\user\\Desktop\\Front-.Net\\api\\src\\main.js": {"path":"C:\\Users\\user\\Desktop\\Front-.Net\\api\\src\\main.js","statementMap":{"0":{"start":{"line":9,"column":0},"end":{"line":9,"column":32}},"1":{"start":{"line":10,"column":0},"end":{"line":10,"column":22}},"2":{"start":{"line":11,"column":0},"end":{"line":11,"column":21}},"3":{"start":{"line":12,"column":0},"end":{"line":12,"column":25}},"4":{"start":{"line":17,"column":0},"end":{"line":20,"column":17}},"5":{"start":{"line":19,"column":15},"end":{"line":19,"column":21}}},"fnMap":{"0":{"name":"(anonymous_0)","decl":{"start":{"line":19,"column":10},"end":{"line":19,"column":11}},"loc":{"start":{"line":19,"column":15},"end":{"line":19,"column":21}},"line":19}},"branchMap":{},"s":{"0":0,"1":0,"2":0,"3":0,"4":0,"5":0},"f":{"0":0},"b":{},"hash":"4f5a42eead17c48903bdd9207e7df57e8ceb2f8b"}
,"C:\\Users\\user\\Desktop\\Front-.Net\\api\\src\\router\\index.js": {"path":"C:\\Users\\user\\Desktop\\Front-.Net\\api\\src\\router\\index.js","statementMap":{"0":{"start":{"line":8,"column":0},"end":{"line":8,"column":18}},"1":{"start":{"line":10,"column":15},"end":{"line":26,"column":1}},"2":{"start":{"line":28,"column":15},"end":{"line":32,"column":2}}},"fnMap":{},"branchMap":{},"s":{"0":0,"1":0,"2":0},"f":{},"b":{},"hash":"b292d3c99c02cc53fe391ebdedb1ecc221bd9a86"}
,"C:\\Users\\user\\Desktop\\Front-.Net\\api\\src\\views\\Dashboard.vue": {"path":"C:\\Users\\user\\Desktop\\Front-.Net\\api\\src\\views\\Dashboard.vue","statementMap":{"0":{"start":{"line":52,"column":0},"end":{"line":52,"column":null}},"1":{"start":{"line":53,"column":0},"end":{"line":53,"column":null}},"2":{"start":{"line":54,"column":0},"end":{"line":54,"column":null}},"3":{"start":{"line":62,"column":0},"end":{"line":62,"column":null}},"4":{"start":{"line":72,"column":0},"end":{"line":72,"column":null}},"5":{"start":{"line":75,"column":0},"end":{"line":75,"column":null}},"6":{"start":{"line":79,"column":0},"end":{"line":79,"column":null}},"7":{"start":{"line":80,"column":0},"end":{"line":87,"column":null}},"8":{"start":{"line":82,"column":0},"end":{"line":82,"column":null}}},"fnMap":{"0":{"name":"(anonymous_1)","decl":{"start":{"line":61,"column":0},"end":{"line":61,"column":null}},"loc":{"start":{"line":61,"column":0},"end":{"line":68,"column":null}}},"1":{"name":"(anonymous_2)","decl":{"start":{"line":71,"column":0},"end":{"line":71,"column":null}},"loc":{"start":{"line":71,"column":0},"end":{"line":73,"column":null}}},"2":{"name":"(anonymous_3)","decl":{"start":{"line":74,"column":0},"end":{"line":74,"column":null}},"loc":{"start":{"line":74,"column":0},"end":{"line":76,"column":null}}},"3":{"name":"(anonymous_4)","decl":{"start":{"line":78,"column":0},"end":{"line":78,"column":null}},"loc":{"start":{"line":78,"column":0},"end":{"line":88,"column":null}}},"4":{"name":"(anonymous_5)","decl":{"start":{"line":80,"column":0},"end":{"line":80,"column":null}},"loc":{"start":{"line":80,"column":0},"end":{"line":87,"column":null}}}},"branchMap":{},"s":{"0":0,"1":0,"2":0,"3":0,"4":0,"5":0,"6":0,"7":0,"8":0},"f":{"0":0,"1":0,"2":0,"3":0,"4":0},"b":{}}
,"C:\\Users\\user\\Desktop\\Front-.Net\\api\\src\\views\\Editar.vue": {"path":"C:\\Users\\user\\Desktop\\Front-.Net\\api\\src\\views\\Editar.vue","statementMap":{"0":{"start":{"line":84,"column":0},"end":{"line":84,"column":null}},"1":{"start":{"line":85,"column":0},"end":{"line":85,"column":null}},"2":{"start":{"line":94,"column":0},"end":{"line":94,"column":null}},"3":{"start":{"line":111,"column":0},"end":{"line":115,"column":null}},"4":{"start":{"line":113,"column":0},"end":{"line":113,"column":null}},"5":{"start":{"line":114,"column":0},"end":{"line":114,"column":null}},"6":{"start":{"line":118,"column":0},"end":{"line":118,"column":null}},"7":{"start":{"line":122,"column":0},"end":{"line":126,"column":null}},"8":{"start":{"line":124,"column":0},"end":{"line":124,"column":null}},"9":{"start":{"line":125,"column":0},"end":{"line":125,"column":null}},"10":{"start":{"line":131,"column":0},"end":{"line":131,"column":null}},"11":{"start":{"line":132,"column":0},"end":{"line":143,"column":null}},"12":{"start":{"line":134,"column":0},"end":{"line":134,"column":null}},"13":{"start":{"line":135,"column":0},"end":{"line":135,"column":null}},"14":{"start":{"line":136,"column":0},"end":{"line":136,"column":null}},"15":{"start":{"line":137,"column":0},"end":{"line":137,"column":null}},"16":{"start":{"line":138,"column":0},"end":{"line":138,"column":null}},"17":{"start":{"line":139,"column":0},"end":{"line":139,"column":null}},"18":{"start":{"line":140,"column":0},"end":{"line":140,"column":null}},"19":{"start":{"line":141,"column":0},"end":{"line":141,"column":null}},"20":{"start":{"line":142,"column":0},"end":{"line":142,"column":null}}},"fnMap":{"0":{"name":"(anonymous_1)","decl":{"start":{"line":93,"column":0},"end":{"line":93,"column":null}},"loc":{"start":{"line":93,"column":0},"end":{"line":108,"column":null}}},"1":{"name":"(anonymous_2)","decl":{"start":{"line":110,"column":0},"end":{"line":110,"column":null}},"loc":{"start":{"line":110,"column":0},"end":{"line":116,"column":null}}},"2":{"name":"(anonymous_3)","decl":{"start":{"line":111,"column":0},"end":{"line":111,"column":null}},"loc":{"start":{"line":111,"column":0},"end":{"line":115,"column":null}}},"3":{"name":"(anonymous_4)","decl":{"start":{"line":117,"column":0},"end":{"line":117,"column":null}},"loc":{"start":{"line":117,"column":0},"end":{"line":119,"column":null}}},"4":{"name":"(anonymous_5)","decl":{"start":{"line":120,"column":0},"end":{"line":120,"column":null}},"loc":{"start":{"line":120,"column":0},"end":{"line":127,"column":null}}},"5":{"name":"(anonymous_6)","decl":{"start":{"line":122,"column":0},"end":{"line":122,"column":null}},"loc":{"start":{"line":122,"column":0},"end":{"line":126,"column":null}}},"6":{"name":"(anonymous_7)","decl":{"start":{"line":130,"column":0},"end":{"line":130,"column":null}},"loc":{"start":{"line":130,"column":0},"end":{"line":146,"column":null}}},"7":{"name":"(anonymous_8)","decl":{"start":{"line":132,"column":0},"end":{"line":132,"column":null}},"loc":{"start":{"line":132,"column":0},"end":{"line":143,"column":null}}}},"branchMap":{},"s":{"0":0,"1":0,"2":0,"3":0,"4":0,"5":0,"6":0,"7":0,"8":0,"9":0,"10":0,"11":0,"12":0,"13":0,"14":0,"15":0,"16":0,"17":0,"18":0,"19":0,"20":0},"f":{"0":0,"1":0,"2":0,"3":0,"4":0,"5":0,"6":0,"7":0},"b":{}}
,"C:\\Users\\user\\Desktop\\Front-.Net\\api\\src\\views\\Nuevo.vue": {"path":"C:\\Users\\user\\Desktop\\Front-.Net\\api\\src\\views\\Nuevo.vue","statementMap":{"0":{"start":{"line":85,"column":0},"end":{"line":85,"column":null}},"1":{"start":{"line":87,"column":0},"end":{"line":87,"column":null}},"2":{"start":{"line":92,"column":0},"end":{"line":92,"column":null}},"3":{"start":{"line":110,"column":0},"end":{"line":119,"column":null}},"4":{"start":{"line":112,"column":0},"end":{"line":112,"column":null}},"5":{"start":{"line":113,"column":0},"end":{"line":113,"column":null}},"6":{"start":{"line":114,"column":0},"end":{"line":114,"column":null}},"7":{"start":{"line":115,"column":0},"end":{"line":115,"column":null}},"8":{"start":{"line":117,"column":0},"end":{"line":117,"column":null}},"9":{"start":{"line":118,"column":0},"end":{"line":118,"column":null}},"10":{"start":{"line":122,"column":0},"end":{"line":122,"column":null}},"11":{"start":{"line":125,"column":0},"end":{"line":125,"column":null}},"12":{"start":{"line":126,"column":0},"end":{"line":126,"column":null}}},"fnMap":{"0":{"name":"(anonymous_1)","decl":{"start":{"line":91,"column":0},"end":{"line":91,"column":null}},"loc":{"start":{"line":91,"column":0},"end":{"line":103,"column":null}}},"1":{"name":"(anonymous_2)","decl":{"start":{"line":109,"column":0},"end":{"line":109,"column":null}},"loc":{"start":{"line":109,"column":0},"end":{"line":120,"column":null}}},"2":{"name":"(anonymous_3)","decl":{"start":{"line":110,"column":0},"end":{"line":110,"column":null}},"loc":{"start":{"line":110,"column":0},"end":{"line":116,"column":null}}},"3":{"name":"(anonymous_4)","decl":{"start":{"line":116,"column":0},"end":{"line":116,"column":null}},"loc":{"start":{"line":116,"column":0},"end":{"line":119,"column":null}}},"4":{"name":"(anonymous_5)","decl":{"start":{"line":121,"column":0},"end":{"line":121,"column":null}},"loc":{"start":{"line":121,"column":0},"end":{"line":123,"column":null}}},"5":{"name":"(anonymous_6)","decl":{"start":{"line":124,"column":0},"end":{"line":124,"column":null}},"loc":{"start":{"line":124,"column":0},"end":{"line":132,"column":null}}}},"branchMap":{},"s":{"0":0,"1":0,"2":0,"3":0,"4":0,"5":0,"6":0,"7":0,"8":0,"9":0,"10":0,"11":0,"12":0},"f":{"0":0,"1":0,"2":0,"3":0,"4":0,"5":0},"b":{}}
,"C:\\Users\\user\\Desktop\\Front-.Net\\api\\tests\\TestHelper.js": {"path":"C:\\Users\\user\\Desktop\\Front-.Net\\api\\tests\\TestHelper.js","statementMap":{},"fnMap":{},"branchMap":{},"s":{},"f":{},"b":{},"hash":"a96f3585c43734cfe0d7b3999201e87ccca62ef6"}
}
