TN:
SF:C:\Users\user\Desktop\Front-.Net\api\babel.config.js
FNF:0
FNH:0
DA:1,0
LF:1
LH:0
BRF:0
BRH:0
end_of_record
TN:
SF:C:\Users\user\Desktop\Front-.Net\api\jest.config.js
FNF:0
FNH:0
DA:1,0
LF:1
LH:0
BRF:0
BRH:0
end_of_record
TN:
SF:C:\Users\user\Desktop\Front-.Net\api\src\main.js
FN:19,(anonymous_0)
FNF:1
FNH:0
FNDA:0,(anonymous_0)
DA:9,0
DA:10,0
DA:11,0
DA:12,0
DA:17,0
DA:19,0
LF:6
LH:0
BRF:0
BRH:0
end_of_record
TN:
SF:C:\Users\user\Desktop\Front-.Net\api\src\router\index.js
FNF:0
FNH:0
DA:8,0
DA:10,0
DA:28,0
LF:3
LH:0
BRF:0
BRH:0
end_of_record
TN:
SF:C:\Users\user\Desktop\Front-.Net\api\src\views\Dashboard.vue
FN:61,(anonymous_1)
FN:71,(anonymous_2)
FN:74,(anonymous_3)
FN:78,(anonymous_4)
FN:80,(anonymous_5)
FNF:5
FNH:0
FNDA:0,(anonymous_1)
FNDA:0,(anonymous_2)
FNDA:0,(anonymous_3)
FNDA:0,(anonymous_4)
FNDA:0,(anonymous_5)
DA:52,0
DA:53,0
DA:54,0
DA:62,0
DA:72,0
DA:75,0
DA:79,0
DA:80,0
DA:82,0
LF:9
LH:0
BRF:0
BRH:0
end_of_record
TN:
SF:C:\Users\user\Desktop\Front-.Net\api\src\views\Editar.vue
FN:93,(anonymous_1)
FN:110,(anonymous_2)
FN:111,(anonymous_3)
FN:117,(anonymous_4)
FN:120,(anonymous_5)
FN:122,(anonymous_6)
FN:130,(anonymous_7)
FN:132,(anonymous_8)
FNF:8
FNH:0
FNDA:0,(anonymous_1)
FNDA:0,(anonymous_2)
FNDA:0,(anonymous_3)
FNDA:0,(anonymous_4)
FNDA:0,(anonymous_5)
FNDA:0,(anonymous_6)
FNDA:0,(anonymous_7)
FNDA:0,(anonymous_8)
DA:84,0
DA:85,0
DA:94,0
DA:111,0
DA:113,0
DA:114,0
DA:118,0
DA:122,0
DA:124,0
DA:125,0
DA:131,0
DA:132,0
DA:134,0
DA:135,0
DA:136,0
DA:137,0
DA:138,0
DA:139,0
DA:140,0
DA:141,0
DA:142,0
LF:21
LH:0
BRF:0
BRH:0
end_of_record
TN:
SF:C:\Users\user\Desktop\Front-.Net\api\src\views\Nuevo.vue
FN:91,(anonymous_1)
FN:109,(anonymous_2)
FN:110,(anonymous_3)
FN:116,(anonymous_4)
FN:121,(anonymous_5)
FN:124,(anonymous_6)
FNF:6
FNH:0
FNDA:0,(anonymous_1)
FNDA:0,(anonymous_2)
FNDA:0,(anonymous_3)
FNDA:0,(anonymous_4)
FNDA:0,(anonymous_5)
FNDA:0,(anonymous_6)
DA:85,0
DA:87,0
DA:92,0
DA:110,0
DA:112,0
DA:113,0
DA:114,0
DA:115,0
DA:117,0
DA:118,0
DA:122,0
DA:125,0
DA:126,0
LF:13
LH:0
BRF:0
BRH:0
end_of_record
TN:
SF:C:\Users\user\Desktop\Front-.Net\api\tests\TestHelper.js
FNF:0
FNH:0
LF:0
LH:0
BRF:0
BRH:0
end_of_record
